# JRE version: Java(TM) SE Runtime Environment (8.0_77-b03) (build 1.8.0_77-b03)
# Java VM: Java HotSpot(TM) 64-Bit Server VM (25.77-b03 mixed mode windows-amd64 compressed oops)
Heap:
 PSYoungGen      total 246272K, used 43691K [0x00000000d5e00000, 0x00000000ebb80000, 0x0000000100000000)
  eden space 230912K, 18% used [0x00000000d5e00000,0x00000000d88aacd0,0x00000000e3f80000)
  from space 15360K, 0% used [0x00000000e3f80000,0x00000000e3f80000,0x00000000e4e80000)
  to   space 16384K, 0% used [0x00000000eab80000,0x00000000eab80000,0x00000000ebb80000)
 ParOldGen       total 73728K, used 19294K [0x0000000081a00000, 0x0000000086200000, 0x00000000d5e00000)
  object space 73728K, 26% used [0x0000000081a00000,0x0000000082cd7938,0x0000000086200000)
 Metaspace       used 37345K, capacity 37894K, committed 38104K, reserved 1083392K
  class space    used 4842K, capacity 4998K, committed 5120K, reserved 1048576K
GC Heap History (10 events):
Event: 1.127 GC heap before
{Heap before GC invocations=7 (full 1):
 PSYoungGen      total 142848K, used 5188K [0x00000000d5e00000, 0x00000000df300000, 0x0000000100000000)
  eden space 133120K, 0% used [0x00000000d5e00000,0x00000000d5e00000,0x00000000de000000)
  from space 9728K, 53% used [0x00000000de980000,0x00000000dee91260,0x00000000df300000)
  to   space 9728K, 0% used [0x00000000de000000,0x00000000de000000,0x00000000de980000)
 ParOldGen       total 87552K, used 8863K [0x0000000081a00000, 0x0000000086f80000, 0x00000000d5e00000)
  object space 87552K, 10% used [0x0000000081a00000,0x00000000822a7f88,0x0000000086f80000)
 Metaspace       used 20805K, capacity 21114K, committed 21248K, reserved 1067008K
  class space    used 2669K, capacity 2762K, committed 2816K, reserved 1048576K
Event: 1.154 GC heap after
Heap after GC invocations=7 (full 1):
 PSYoungGen      total 142848K, used 0K [0x00000000d5e00000, 0x00000000df300000, 0x0000000100000000)
  eden space 133120K, 0% used [0x00000000d5e00000,0x00000000d5e00000,0x00000000de000000)
  from space 9728K, 0% used [0x00000000de980000,0x00000000de980000,0x00000000df300000)
  to   space 9728K, 0% used [0x00000000de000000,0x00000000de000000,0x00000000de980000)
 ParOldGen       total 52224K, used 7585K [0x0000000081a00000, 0x0000000084d00000, 0x00000000d5e00000)
  object space 52224K, 14% used [0x0000000081a00000,0x0000000082168408,0x0000000084d00000)
 Metaspace       used 20805K, capacity 21114K, committed 21248K, reserved 1067008K
  class space    used 2669K, capacity 2762K, committed 2816K, reserved 1048576K
}
Event: 1.753 GC heap before
{Heap before GC invocations=8 (full 1):
 PSYoungGen      total 142848K, used 133120K [0x00000000d5e00000, 0x00000000df300000, 0x0000000100000000)
  eden space 133120K, 100% used [0x00000000d5e00000,0x00000000de000000,0x00000000de000000)
  from space 9728K, 0% used [0x00000000de980000,0x00000000de980000,0x00000000df300000)
  to   space 9728K, 0% used [0x00000000de000000,0x00000000de000000,0x00000000de980000)
 ParOldGen       total 52224K, used 7585K [0x0000000081a00000, 0x0000000084d00000, 0x00000000d5e00000)
  object space 52224K, 14% used [0x0000000081a00000,0x0000000082168408,0x0000000084d00000)
 Metaspace       used 27217K, capacity 27624K, committed 28032K, reserved 1073152K
  class space    used 3489K, capacity 3630K, committed 3712K, reserved 1048576K
Event: 1.763 GC heap after
Heap after GC invocations=8 (full 1):
 PSYoungGen      total 142848K, used 9697K [0x00000000d5e00000, 0x00000000e5d00000, 0x0000000100000000)
  eden space 133120K, 0% used [0x00000000d5e00000,0x00000000d5e00000,0x00000000de000000)
  from space 9728K, 99% used [0x00000000de000000,0x00000000de9787a0,0x00000000de980000)
  to   space 12288K, 0% used [0x00000000e5100000,0x00000000e5100000,0x00000000e5d00000)
 ParOldGen       total 52224K, used 9925K [0x0000000081a00000, 0x0000000084d00000, 0x00000000d5e00000)
  object space 52224K, 19% used [0x0000000081a00000,0x00000000823b17a0,0x0000000084d00000)
 Metaspace       used 27217K, capacity 27624K, committed 28032K, reserved 1073152K
  class space    used 3489K, capacity 3630K, committed 3712K, reserved 1048576K
}
Event: 2.300 GC heap before
{Heap before GC invocations=9 (full 1):
 PSYoungGen      total 142848K, used 142817K [0x00000000d5e00000, 0x00000000e5d00000, 0x0000000100000000)
  eden space 133120K, 100% used [0x00000000d5e00000,0x00000000de000000,0x00000000de000000)
  from space 9728K, 99% used [0x00000000de000000,0x00000000de9787a0,0x00000000de980000)
  to   space 12288K, 0% used [0x00000000e5100000,0x00000000e5100000,0x00000000e5d00000)
 ParOldGen       total 52224K, used 9925K [0x0000000081a00000, 0x0000000084d00000, 0x00000000d5e00000)
  object space 52224K, 19% used [0x0000000081a00000,0x00000000823b17a0,0x0000000084d00000)
 Metaspace       used 32836K, capacity 33384K, committed 33408K, reserved 1079296K
  class space    used 4309K, capacity 4468K, committed 4480K, reserved 1048576K
Event: 2.311 GC heap after
Heap after GC invocations=9 (full 1):
 PSYoungGen      total 243200K, used 12267K [0x00000000d5e00000, 0x00000000e5d80000, 0x0000000100000000)
  eden space 230912K, 0% used [0x00000000d5e00000,0x00000000d5e00000,0x00000000e3f80000)
  from space 12288K, 99% used [0x00000000e5100000,0x00000000e5cfaec0,0x00000000e5d00000)
  to   space 15360K, 0% used [0x00000000e3f80000,0x00000000e3f80000,0x00000000e4e80000)
 ParOldGen       total 52224K, used 13114K [0x0000000081a00000, 0x0000000084d00000, 0x00000000d5e00000)
  object space 52224K, 25% used [0x0000000081a00000,0x00000000826cea80,0x0000000084d00000)
 Metaspace       used 32836K, capacity 33384K, committed 33408K, reserved 1079296K
  class space    used 4309K, capacity 4468K, committed 4480K, reserved 1048576K
}
Event: 11.700 GC heap before
{Heap before GC invocations=10 (full 1):
 PSYoungGen      total 243200K, used 110550K [0x00000000d5e00000, 0x00000000e5d80000, 0x0000000100000000)
  eden space 230912K, 42% used [0x00000000d5e00000,0x00000000dbdfa980,0x00000000e3f80000)
  from space 12288K, 99% used [0x00000000e5100000,0x00000000e5cfaec0,0x00000000e5d00000)
  to   space 15360K, 0% used [0x00000000e3f80000,0x00000000e3f80000,0x00000000e4e80000)
 ParOldGen       total 52224K, used 13114K [0x0000000081a00000, 0x0000000084d00000, 0x00000000d5e00000)
  object space 52224K, 25% used [0x0000000081a00000,0x00000000826cea80,0x0000000084d00000)
 Metaspace       used 34697K, capacity 35226K, committed 35416K, reserved 1079296K
  class space    used 4569K, capacity 4708K, committed 4736K, reserved 1048576K
Event: 11.724 GC heap after
Heap after GC invocations=10 (full 1):
 PSYoungGen      total 246272K, used 12752K [0x00000000d5e00000, 0x00000000ebb80000, 0x0000000100000000)
  eden space 230912K, 0% used [0x00000000d5e00000,0x00000000d5e00000,0x00000000e3f80000)
  from space 15360K, 83% used [0x00000000e3f80000,0x00000000e4bf4010,0x00000000e4e80000)
  to   space 16384K, 0% used [0x00000000eab80000,0x00000000eab80000,0x00000000ebb80000)
 ParOldGen       total 52224K, used 13122K [0x0000000081a00000, 0x0000000084d00000, 0x00000000d5e00000)
  object space 52224K, 25% used [0x0000000081a00000,0x00000000826d0a80,0x0000000084d00000)
 Metaspace       used 34697K, capacity 35226K, committed 35416K, reserved 1079296K
  class space    used 4569K, capacity 4708K, committed 4736K, reserved 1048576K
}
Event: 11.724 GC heap before
{Heap before GC invocations=11 (full 2):
 PSYoungGen      total 246272K, used 12752K [0x00000000d5e00000, 0x00000000ebb80000, 0x0000000100000000)
  eden space 230912K, 0% used [0x00000000d5e00000,0x00000000d5e00000,0x00000000e3f80000)
  from space 15360K, 83% used [0x00000000e3f80000,0x00000000e4bf4010,0x00000000e4e80000)
  to   space 16384K, 0% used [0x00000000eab80000,0x00000000eab80000,0x00000000ebb80000)
 ParOldGen       total 52224K, used 13122K [0x0000000081a00000, 0x0000000084d00000, 0x00000000d5e00000)
  object space 52224K, 25% used [0x0000000081a00000,0x00000000826d0a80,0x0000000084d00000)
 Metaspace       used 34697K, capacity 35226K, committed 35416K, reserved 1079296K
  class space    used 4569K, capacity 4708K, committed 4736K, reserved 1048576K
Event: 11.789 GC heap after
Heap after GC invocations=11 (full 2):
 PSYoungGen      total 246272K, used 0K [0x00000000d5e00000, 0x00000000ebb80000, 0x0000000100000000)
  eden space 230912K, 0% used [0x00000000d5e00000,0x00000000d5e00000,0x00000000e3f80000)
  from space 15360K, 0% used [0x00000000e3f80000,0x00000000e3f80000,0x00000000e4e80000)
  to   space 16384K, 0% used [0x00000000eab80000,0x00000000eab80000,0x00000000ebb80000)
 ParOldGen       total 73728K, used 19294K [0x0000000081a00000, 0x0000000086200000, 0x00000000d5e00000)
  object space 73728K, 26% used [0x0000000081a00000,0x0000000082cd7938,0x0000000086200000)
 Metaspace       used 34697K, capacity 35226K, committed 35416K, reserved 1079296K
  class space    used 4569K, capacity 4708K, committed 4736K, reserved 1048576K
}

