# JRE version: Java(TM) SE Runtime Environment (8.0_77-b03) (build 1.8.0_77-b03)
# Java VM: Java HotSpot(TM) 64-Bit Server VM (25.77-b03 mixed mode windows-amd64 compressed oops)
Heap:
 PSYoungGen      total 261632K, used 24813K [0x00000000d5e00000, 0x00000000ee380000, 0x0000000100000000)
  eden space 246272K, 10% used [0x00000000d5e00000,0x00000000d763b548,0x00000000e4e80000)
  from space 15360K, 0% used [0x00000000e4e80000,0x00000000e4e80000,0x00000000e5d80000)
  to   space 16384K, 0% used [0x00000000ed380000,0x00000000ed380000,0x00000000ee380000)
 ParOldGen       total 66560K, used 18817K [0x0000000081a00000, 0x0000000085b00000, 0x00000000d5e00000)
  object space 66560K, 28% used [0x0000000081a00000,0x0000000082c60780,0x0000000085b00000)
 Metaspace       used 36551K, capacity 37120K, committed 37208K, reserved 1081344K
  class space    used 4762K, capacity 4933K, committed 4992K, reserved 1048576K
GC Heap History (10 events):
Event: 1.141 GC heap before
{Heap before GC invocations=7 (full 1):
 PSYoungGen      total 142848K, used 5131K [0x00000000d5e00000, 0x00000000df300000, 0x0000000100000000)
  eden space 133120K, 0% used [0x00000000d5e00000,0x00000000d5e00000,0x00000000de000000)
  from space 9728K, 52% used [0x00000000de980000,0x00000000dee82d18,0x00000000df300000)
  to   space 9728K, 0% used [0x00000000de000000,0x00000000de000000,0x00000000de980000)
 ParOldGen       total 87552K, used 8737K [0x0000000081a00000, 0x0000000086f80000, 0x00000000d5e00000)
  object space 87552K, 9% used [0x0000000081a00000,0x00000000822885c8,0x0000000086f80000)
 Metaspace       used 20734K, capacity 21082K, committed 21248K, reserved 1067008K
  class space    used 2658K, capacity 2730K, committed 2816K, reserved 1048576K
Event: 1.170 GC heap after
Heap after GC invocations=7 (full 1):
 PSYoungGen      total 142848K, used 0K [0x00000000d5e00000, 0x00000000df300000, 0x0000000100000000)
  eden space 133120K, 0% used [0x00000000d5e00000,0x00000000d5e00000,0x00000000de000000)
  from space 9728K, 0% used [0x00000000de980000,0x00000000de980000,0x00000000df300000)
  to   space 9728K, 0% used [0x00000000de000000,0x00000000de000000,0x00000000de980000)
 ParOldGen       total 49152K, used 7624K [0x0000000081a00000, 0x0000000084a00000, 0x00000000d5e00000)
  object space 49152K, 15% used [0x0000000081a00000,0x00000000821722d0,0x0000000084a00000)
 Metaspace       used 20734K, capacity 21082K, committed 21248K, reserved 1067008K
  class space    used 2658K, capacity 2730K, committed 2816K, reserved 1048576K
}
Event: 1.780 GC heap before
{Heap before GC invocations=8 (full 1):
 PSYoungGen      total 142848K, used 133120K [0x00000000d5e00000, 0x00000000df300000, 0x0000000100000000)
  eden space 133120K, 100% used [0x00000000d5e00000,0x00000000de000000,0x00000000de000000)
  from space 9728K, 0% used [0x00000000de980000,0x00000000de980000,0x00000000df300000)
  to   space 9728K, 0% used [0x00000000de000000,0x00000000de000000,0x00000000de980000)
 ParOldGen       total 49152K, used 7624K [0x0000000081a00000, 0x0000000084a00000, 0x00000000d5e00000)
  object space 49152K, 15% used [0x0000000081a00000,0x00000000821722d0,0x0000000084a00000)
 Metaspace       used 27116K, capacity 27490K, committed 27776K, reserved 1073152K
  class space    used 3477K, capacity 3629K, committed 3712K, reserved 1048576K
Event: 1.788 GC heap after
Heap after GC invocations=8 (full 1):
 PSYoungGen      total 142848K, used 9702K [0x00000000d5e00000, 0x00000000e6a80000, 0x0000000100000000)
  eden space 133120K, 0% used [0x00000000d5e00000,0x00000000d5e00000,0x00000000de000000)
  from space 9728K, 99% used [0x00000000de000000,0x00000000de979ae0,0x00000000de980000)
  to   space 12288K, 0% used [0x00000000e5e80000,0x00000000e5e80000,0x00000000e6a80000)
 ParOldGen       total 49152K, used 10066K [0x0000000081a00000, 0x0000000084a00000, 0x00000000d5e00000)
  object space 49152K, 20% used [0x0000000081a00000,0x00000000823d4a60,0x0000000084a00000)
 Metaspace       used 27116K, capacity 27490K, committed 27776K, reserved 1073152K
  class space    used 3477K, capacity 3629K, committed 3712K, reserved 1048576K
}
Event: 2.311 GC heap before
{Heap before GC invocations=9 (full 1):
 PSYoungGen      total 142848K, used 142822K [0x00000000d5e00000, 0x00000000e6a80000, 0x0000000100000000)
  eden space 133120K, 100% used [0x00000000d5e00000,0x00000000de000000,0x00000000de000000)
  from space 9728K, 99% used [0x00000000de000000,0x00000000de979ae0,0x00000000de980000)
  to   space 12288K, 0% used [0x00000000e5e80000,0x00000000e5e80000,0x00000000e6a80000)
 ParOldGen       total 49152K, used 10066K [0x0000000081a00000, 0x0000000084a00000, 0x00000000d5e00000)
  object space 49152K, 20% used [0x0000000081a00000,0x00000000823d4a60,0x0000000084a00000)
 Metaspace       used 32779K, capacity 33282K, committed 33408K, reserved 1079296K
  class space    used 4296K, capacity 4435K, committed 4480K, reserved 1048576K
Event: 2.321 GC heap after
Heap after GC invocations=9 (full 1):
 PSYoungGen      total 258560K, used 12279K [0x00000000d5e00000, 0x00000000e6c80000, 0x0000000100000000)
  eden space 246272K, 0% used [0x00000000d5e00000,0x00000000d5e00000,0x00000000e4e80000)
  from space 12288K, 99% used [0x00000000e5e80000,0x00000000e6a7dd18,0x00000000e6a80000)
  to   space 15360K, 0% used [0x00000000e4e80000,0x00000000e4e80000,0x00000000e5d80000)
 ParOldGen       total 49152K, used 13228K [0x0000000081a00000, 0x0000000084a00000, 0x00000000d5e00000)
  object space 49152K, 26% used [0x0000000081a00000,0x00000000826eb1c0,0x0000000084a00000)
 Metaspace       used 32779K, capacity 33282K, committed 33408K, reserved 1079296K
  class space    used 4296K, capacity 4435K, committed 4480K, reserved 1048576K
}
Event: 12.057 GC heap before
{Heap before GC invocations=10 (full 1):
 PSYoungGen      total 258560K, used 119075K [0x00000000d5e00000, 0x00000000e6c80000, 0x0000000100000000)
  eden space 246272K, 43% used [0x00000000d5e00000,0x00000000dc64b2c0,0x00000000e4e80000)
  from space 12288K, 99% used [0x00000000e5e80000,0x00000000e6a7dd18,0x00000000e6a80000)
  to   space 15360K, 0% used [0x00000000e4e80000,0x00000000e4e80000,0x00000000e5d80000)
 ParOldGen       total 49152K, used 13228K [0x0000000081a00000, 0x0000000084a00000, 0x00000000d5e00000)
  object space 49152K, 26% used [0x0000000081a00000,0x00000000826eb1c0,0x0000000084a00000)
 Metaspace       used 34755K, capacity 35290K, committed 35416K, reserved 1079296K
  class space    used 4569K, capacity 4708K, committed 4736K, reserved 1048576K
Event: 12.073 GC heap after
Heap after GC invocations=10 (full 1):
 PSYoungGen      total 261632K, used 12893K [0x00000000d5e00000, 0x00000000ee380000, 0x0000000100000000)
  eden space 246272K, 0% used [0x00000000d5e00000,0x00000000d5e00000,0x00000000e4e80000)
  from space 15360K, 83% used [0x00000000e4e80000,0x00000000e5b176c8,0x00000000e5d80000)
  to   space 16384K, 0% used [0x00000000ed380000,0x00000000ed380000,0x00000000ee380000)
 ParOldGen       total 49152K, used 13236K [0x0000000081a00000, 0x0000000084a00000, 0x00000000d5e00000)
  object space 49152K, 26% used [0x0000000081a00000,0x00000000826ed1c0,0x0000000084a00000)
 Metaspace       used 34755K, capacity 35290K, committed 35416K, reserved 1079296K
  class space    used 4569K, capacity 4708K, committed 4736K, reserved 1048576K
}
Event: 12.073 GC heap before
{Heap before GC invocations=11 (full 2):
 PSYoungGen      total 261632K, used 12893K [0x00000000d5e00000, 0x00000000ee380000, 0x0000000100000000)
  eden space 246272K, 0% used [0x00000000d5e00000,0x00000000d5e00000,0x00000000e4e80000)
  from space 15360K, 83% used [0x00000000e4e80000,0x00000000e5b176c8,0x00000000e5d80000)
  to   space 16384K, 0% used [0x00000000ed380000,0x00000000ed380000,0x00000000ee380000)
 ParOldGen       total 49152K, used 13236K [0x0000000081a00000, 0x0000000084a00000, 0x00000000d5e00000)
  object space 49152K, 26% used [0x0000000081a00000,0x00000000826ed1c0,0x0000000084a00000)
 Metaspace       used 34755K, capacity 35290K, committed 35416K, reserved 1079296K
  class space    used 4569K, capacity 4708K, committed 4736K, reserved 1048576K
Event: 12.177 GC heap after
Heap after GC invocations=11 (full 2):
 PSYoungGen      total 261632K, used 0K [0x00000000d5e00000, 0x00000000ee380000, 0x0000000100000000)
  eden space 246272K, 0% used [0x00000000d5e00000,0x00000000d5e00000,0x00000000e4e80000)
  from space 15360K, 0% used [0x00000000e4e80000,0x00000000e4e80000,0x00000000e5d80000)
  to   space 16384K, 0% used [0x00000000ed380000,0x00000000ed380000,0x00000000ee380000)
 ParOldGen       total 66560K, used 18817K [0x0000000081a00000, 0x0000000085b00000, 0x00000000d5e00000)
  object space 66560K, 28% used [0x0000000081a00000,0x0000000082c60780,0x0000000085b00000)
 Metaspace       used 34755K, capacity 35290K, committed 35416K, reserved 1079296K
  class space    used 4569K, capacity 4708K, committed 4736K, reserved 1048576K
}

