# JRE version: Java(TM) SE Runtime Environment (8.0_77-b03) (build 1.8.0_77-b03)
# Java VM: Java HotSpot(TM) 64-Bit Server VM (25.77-b03 mixed mode windows-amd64 compressed oops)
Heap:
 PSYoungGen      total 164352K, used 36882K [0x00000000d5e00000, 0x00000000e3880000, 0x0000000100000000)
  eden space 148992K, 24% used [0x00000000d5e00000,0x00000000d82049f0,0x00000000def80000)
  from space 15360K, 0% used [0x00000000def80000,0x00000000def80000,0x00000000dfe80000)
  to   space 15872K, 0% used [0x00000000e2900000,0x00000000e2900000,0x00000000e3880000)
 ParOldGen       total 97280K, used 17990K [0x0000000081a00000, 0x0000000087900000, 0x00000000d5e00000)
  object space 97280K, 18% used [0x0000000081a00000,0x0000000082b91980,0x0000000087900000)
 Metaspace       used 37360K, capacity 37918K, committed 38104K, reserved 1083392K
  class space    used 4843K, capacity 5002K, committed 5120K, reserved 1048576K
GC Heap History (10 events):
Event: 1.447 GC heap before
{Heap before GC invocations=7 (full 1):
 PSYoungGen      total 71680K, used 66560K [0x00000000d5e00000, 0x00000000df300000, 0x0000000100000000)
  eden space 66560K, 100% used [0x00000000d5e00000,0x00000000d9f00000,0x00000000d9f00000)
  from space 5120K, 0% used [0x00000000d9f00000,0x00000000d9f00000,0x00000000da400000)
  to   space 9728K, 0% used [0x00000000de980000,0x00000000de980000,0x00000000df300000)
 ParOldGen       total 62976K, used 9656K [0x0000000081a00000, 0x0000000085780000, 0x00000000d5e00000)
  object space 62976K, 15% used [0x0000000081a00000,0x000000008236e3e0,0x0000000085780000)
 Metaspace       used 24106K, capacity 24512K, committed 24832K, reserved 1071104K
  class space    used 3088K, capacity 3211K, committed 3328K, reserved 1048576K
Event: 1.453 GC heap after
Heap after GC invocations=7 (full 1):
 PSYoungGen      total 109568K, used 7841K [0x00000000d5e00000, 0x00000000df180000, 0x0000000100000000)
  eden space 101376K, 0% used [0x00000000d5e00000,0x00000000d5e00000,0x00000000dc100000)
  from space 8192K, 95% used [0x00000000de980000,0x00000000df1284d8,0x00000000df180000)
  to   space 10240K, 0% used [0x00000000ddd80000,0x00000000ddd80000,0x00000000de780000)
 ParOldGen       total 62976K, used 9664K [0x0000000081a00000, 0x0000000085780000, 0x00000000d5e00000)
  object space 62976K, 15% used [0x0000000081a00000,0x00000000823703e0,0x0000000085780000)
 Metaspace       used 24106K, capacity 24512K, committed 24832K, reserved 1071104K
  class space    used 3088K, capacity 3211K, committed 3328K, reserved 1048576K
}
Event: 1.918 GC heap before
{Heap before GC invocations=8 (full 1):
 PSYoungGen      total 109568K, used 109217K [0x00000000d5e00000, 0x00000000df180000, 0x0000000100000000)
  eden space 101376K, 100% used [0x00000000d5e00000,0x00000000dc100000,0x00000000dc100000)
  from space 8192K, 95% used [0x00000000de980000,0x00000000df1284d8,0x00000000df180000)
  to   space 10240K, 0% used [0x00000000ddd80000,0x00000000ddd80000,0x00000000de780000)
 ParOldGen       total 62976K, used 9664K [0x0000000081a00000, 0x0000000085780000, 0x00000000d5e00000)
  object space 62976K, 15% used [0x0000000081a00000,0x00000000823703e0,0x0000000085780000)
 Metaspace       used 29329K, capacity 29758K, committed 30080K, reserved 1075200K
  class space    used 3793K, capacity 3929K, committed 3968K, reserved 1048576K
Event: 1.926 GC heap after
Heap after GC invocations=8 (full 1):
 PSYoungGen      total 140800K, used 10235K [0x00000000d5e00000, 0x00000000e0a80000, 0x0000000100000000)
  eden space 130560K, 0% used [0x00000000d5e00000,0x00000000d5e00000,0x00000000ddd80000)
  from space 10240K, 99% used [0x00000000ddd80000,0x00000000de77ed50,0x00000000de780000)
  to   space 12288K, 0% used [0x00000000dfe80000,0x00000000dfe80000,0x00000000e0a80000)
 ParOldGen       total 62976K, used 11758K [0x0000000081a00000, 0x0000000085780000, 0x00000000d5e00000)
  object space 62976K, 18% used [0x0000000081a00000,0x000000008257bb18,0x0000000085780000)
 Metaspace       used 29329K, capacity 29758K, committed 30080K, reserved 1075200K
  class space    used 3793K, capacity 3929K, committed 3968K, reserved 1048576K
}
Event: 2.442 GC heap before
{Heap before GC invocations=9 (full 1):
 PSYoungGen      total 140800K, used 140795K [0x00000000d5e00000, 0x00000000e0a80000, 0x0000000100000000)
  eden space 130560K, 100% used [0x00000000d5e00000,0x00000000ddd80000,0x00000000ddd80000)
  from space 10240K, 99% used [0x00000000ddd80000,0x00000000de77ed50,0x00000000de780000)
  to   space 12288K, 0% used [0x00000000dfe80000,0x00000000dfe80000,0x00000000e0a80000)
 ParOldGen       total 62976K, used 11758K [0x0000000081a00000, 0x0000000085780000, 0x00000000d5e00000)
  object space 62976K, 18% used [0x0000000081a00000,0x000000008257bb18,0x0000000085780000)
 Metaspace       used 33611K, capacity 34138K, committed 34304K, reserved 1079296K
  class space    used 4410K, capacity 4567K, committed 4608K, reserved 1048576K
Event: 2.453 GC heap after
Heap after GC invocations=9 (full 1):
 PSYoungGen      total 161280K, used 12280K [0x00000000d5e00000, 0x00000000e3900000, 0x0000000100000000)
  eden space 148992K, 0% used [0x00000000d5e00000,0x00000000d5e00000,0x00000000def80000)
  from space 12288K, 99% used [0x00000000dfe80000,0x00000000e0a7e388,0x00000000e0a80000)
  to   space 15360K, 0% used [0x00000000def80000,0x00000000def80000,0x00000000dfe80000)
 ParOldGen       total 62976K, used 14803K [0x0000000081a00000, 0x0000000085780000, 0x00000000d5e00000)
  object space 62976K, 23% used [0x0000000081a00000,0x0000000082874ff0,0x0000000085780000)
 Metaspace       used 33611K, capacity 34138K, committed 34304K, reserved 1079296K
  class space    used 4410K, capacity 4567K, committed 4608K, reserved 1048576K
}
Event: 3.100 GC heap before
{Heap before GC invocations=10 (full 1):
 PSYoungGen      total 161280K, used 74995K [0x00000000d5e00000, 0x00000000e3900000, 0x0000000100000000)
  eden space 148992K, 42% used [0x00000000d5e00000,0x00000000d9b3eb98,0x00000000def80000)
  from space 12288K, 99% used [0x00000000dfe80000,0x00000000e0a7e388,0x00000000e0a80000)
  to   space 15360K, 0% used [0x00000000def80000,0x00000000def80000,0x00000000dfe80000)
 ParOldGen       total 62976K, used 14803K [0x0000000081a00000, 0x0000000085780000, 0x00000000d5e00000)
  object space 62976K, 23% used [0x0000000081a00000,0x0000000082874ff0,0x0000000085780000)
 Metaspace       used 34751K, capacity 35272K, committed 35416K, reserved 1079296K
  class space    used 4568K, capacity 4705K, committed 4736K, reserved 1048576K
Event: 3.116 GC heap after
Heap after GC invocations=10 (full 1):
 PSYoungGen      total 164352K, used 12246K [0x00000000d5e00000, 0x00000000e3880000, 0x0000000100000000)
  eden space 148992K, 0% used [0x00000000d5e00000,0x00000000d5e00000,0x00000000def80000)
  from space 15360K, 79% used [0x00000000def80000,0x00000000dfb758f8,0x00000000dfe80000)
  to   space 15872K, 0% used [0x00000000e2900000,0x00000000e2900000,0x00000000e3880000)
 ParOldGen       total 62976K, used 14811K [0x0000000081a00000, 0x0000000085780000, 0x00000000d5e00000)
  object space 62976K, 23% used [0x0000000081a00000,0x0000000082876ff0,0x0000000085780000)
 Metaspace       used 34751K, capacity 35272K, committed 35416K, reserved 1079296K
  class space    used 4568K, capacity 4705K, committed 4736K, reserved 1048576K
}
Event: 3.116 GC heap before
{Heap before GC invocations=11 (full 2):
 PSYoungGen      total 164352K, used 12246K [0x00000000d5e00000, 0x00000000e3880000, 0x0000000100000000)
  eden space 148992K, 0% used [0x00000000d5e00000,0x00000000d5e00000,0x00000000def80000)
  from space 15360K, 79% used [0x00000000def80000,0x00000000dfb758f8,0x00000000dfe80000)
  to   space 15872K, 0% used [0x00000000e2900000,0x00000000e2900000,0x00000000e3880000)
 ParOldGen       total 62976K, used 14811K [0x0000000081a00000, 0x0000000085780000, 0x00000000d5e00000)
  object space 62976K, 23% used [0x0000000081a00000,0x0000000082876ff0,0x0000000085780000)
 Metaspace       used 34751K, capacity 35272K, committed 35416K, reserved 1079296K
  class space    used 4568K, capacity 4705K, committed 4736K, reserved 1048576K
Event: 3.171 GC heap after
Heap after GC invocations=11 (full 2):
 PSYoungGen      total 164352K, used 0K [0x00000000d5e00000, 0x00000000e3880000, 0x0000000100000000)
  eden space 148992K, 0% used [0x00000000d5e00000,0x00000000d5e00000,0x00000000def80000)
  from space 15360K, 0% used [0x00000000def80000,0x00000000def80000,0x00000000dfe80000)
  to   space 15872K, 0% used [0x00000000e2900000,0x00000000e2900000,0x00000000e3880000)
 ParOldGen       total 97280K, used 17990K [0x0000000081a00000, 0x0000000087900000, 0x00000000d5e00000)
  object space 97280K, 18% used [0x0000000081a00000,0x0000000082b91980,0x0000000087900000)
 Metaspace       used 34751K, capacity 35272K, committed 35416K, reserved 1079296K
  class space    used 4568K, capacity 4705K, committed 4736K, reserved 1048576K
}

