# JRE version: Java(TM) SE Runtime Environment (8.0_77-b03) (build 1.8.0_77-b03)
# Java VM: Java HotSpot(TM) 64-Bit Server VM (25.77-b03 mixed mode windows-amd64 compressed oops)
Heap:
 PSYoungGen      total 241152K, used 23482K [0x00000000d5e00000, 0x00000000eae80000, 0x0000000100000000)
  eden space 225792K, 10% used [0x00000000d5e00000,0x00000000d74ee980,0x00000000e3a80000)
  from space 15360K, 0% used [0x00000000e3a80000,0x00000000e3a80000,0x00000000e4980000)
  to   space 16384K, 0% used [0x00000000e9e80000,0x00000000e9e80000,0x00000000eae80000)
 ParOldGen       total 76288K, used 19284K [0x0000000081a00000, 0x0000000086480000, 0x00000000d5e00000)
  object space 76288K, 25% used [0x0000000081a00000,0x0000000082cd5310,0x0000000086480000)
 Metaspace       used 36512K, capacity 37072K, committed 37208K, reserved 1081344K
  class space    used 4756K, capacity 4925K, committed 4992K, reserved 1048576K
GC Heap History (10 events):
Event: 1.137 GC heap before
{Heap before GC invocations=7 (full 1):
 PSYoungGen      total 142848K, used 5300K [0x00000000d5e00000, 0x00000000df300000, 0x0000000100000000)
  eden space 133120K, 0% used [0x00000000d5e00000,0x00000000d5e00000,0x00000000de000000)
  from space 9728K, 54% used [0x00000000de980000,0x00000000deead250,0x00000000df300000)
  to   space 9728K, 0% used [0x00000000de000000,0x00000000de000000,0x00000000de980000)
 ParOldGen       total 87552K, used 8817K [0x0000000081a00000, 0x0000000086f80000, 0x00000000d5e00000)
  object space 87552K, 10% used [0x0000000081a00000,0x000000008229c458,0x0000000086f80000)
 Metaspace       used 20806K, capacity 21114K, committed 21248K, reserved 1067008K
  class space    used 2670K, capacity 2762K, committed 2816K, reserved 1048576K
Event: 1.167 GC heap after
Heap after GC invocations=7 (full 1):
 PSYoungGen      total 142848K, used 0K [0x00000000d5e00000, 0x00000000df300000, 0x0000000100000000)
  eden space 133120K, 0% used [0x00000000d5e00000,0x00000000d5e00000,0x00000000de000000)
  from space 9728K, 0% used [0x00000000de980000,0x00000000de980000,0x00000000df300000)
  to   space 9728K, 0% used [0x00000000de000000,0x00000000de000000,0x00000000de980000)
 ParOldGen       total 52736K, used 7592K [0x0000000081a00000, 0x0000000084d80000, 0x00000000d5e00000)
  object space 52736K, 14% used [0x0000000081a00000,0x000000008216a148,0x0000000084d80000)
 Metaspace       used 20806K, capacity 21114K, committed 21248K, reserved 1067008K
  class space    used 2670K, capacity 2762K, committed 2816K, reserved 1048576K
}
Event: 1.770 GC heap before
{Heap before GC invocations=8 (full 1):
 PSYoungGen      total 142848K, used 133120K [0x00000000d5e00000, 0x00000000df300000, 0x0000000100000000)
  eden space 133120K, 100% used [0x00000000d5e00000,0x00000000de000000,0x00000000de000000)
  from space 9728K, 0% used [0x00000000de980000,0x00000000de980000,0x00000000df300000)
  to   space 9728K, 0% used [0x00000000de000000,0x00000000de000000,0x00000000de980000)
 ParOldGen       total 52736K, used 7592K [0x0000000081a00000, 0x0000000084d80000, 0x00000000d5e00000)
  object space 52736K, 14% used [0x0000000081a00000,0x000000008216a148,0x0000000084d80000)
 Metaspace       used 27007K, capacity 27426K, committed 27776K, reserved 1073152K
  class space    used 3480K, capacity 3629K, committed 3712K, reserved 1048576K
Event: 1.778 GC heap after
Heap after GC invocations=8 (full 1):
 PSYoungGen      total 142848K, used 9696K [0x00000000d5e00000, 0x00000000e5800000, 0x0000000100000000)
  eden space 133120K, 0% used [0x00000000d5e00000,0x00000000d5e00000,0x00000000de000000)
  from space 9728K, 99% used [0x00000000de000000,0x00000000de9782c0,0x00000000de980000)
  to   space 12288K, 0% used [0x00000000e4c00000,0x00000000e4c00000,0x00000000e5800000)
 ParOldGen       total 52736K, used 9871K [0x0000000081a00000, 0x0000000084d80000, 0x00000000d5e00000)
  object space 52736K, 18% used [0x0000000081a00000,0x00000000823a3e70,0x0000000084d80000)
 Metaspace       used 27007K, capacity 27426K, committed 27776K, reserved 1073152K
  class space    used 3480K, capacity 3629K, committed 3712K, reserved 1048576K
}
Event: 2.324 GC heap before
{Heap before GC invocations=9 (full 1):
 PSYoungGen      total 142848K, used 142816K [0x00000000d5e00000, 0x00000000e5800000, 0x0000000100000000)
  eden space 133120K, 100% used [0x00000000d5e00000,0x00000000de000000,0x00000000de000000)
  from space 9728K, 99% used [0x00000000de000000,0x00000000de9782c0,0x00000000de980000)
  to   space 12288K, 0% used [0x00000000e4c00000,0x00000000e4c00000,0x00000000e5800000)
 ParOldGen       total 52736K, used 9871K [0x0000000081a00000, 0x0000000084d80000, 0x00000000d5e00000)
  object space 52736K, 18% used [0x0000000081a00000,0x00000000823a3e70,0x0000000084d80000)
 Metaspace       used 32966K, capacity 33464K, committed 33664K, reserved 1079296K
  class space    used 4326K, capacity 4460K, committed 4480K, reserved 1048576K
Event: 2.335 GC heap after
Heap after GC invocations=9 (full 1):
 PSYoungGen      total 238080K, used 12259K [0x00000000d5e00000, 0x00000000e5880000, 0x0000000100000000)
  eden space 225792K, 0% used [0x00000000d5e00000,0x00000000d5e00000,0x00000000e3a80000)
  from space 12288K, 99% used [0x00000000e4c00000,0x00000000e57f8da8,0x00000000e5800000)
  to   space 15360K, 0% used [0x00000000e3a80000,0x00000000e3a80000,0x00000000e4980000)
 ParOldGen       total 52736K, used 13424K [0x0000000081a00000, 0x0000000084d80000, 0x00000000d5e00000)
  object space 52736K, 25% used [0x0000000081a00000,0x000000008271c140,0x0000000084d80000)
 Metaspace       used 32966K, capacity 33464K, committed 33664K, reserved 1079296K
  class space    used 4326K, capacity 4460K, committed 4480K, reserved 1048576K
}
Event: 9.035 GC heap before
{Heap before GC invocations=10 (full 1):
 PSYoungGen      total 238080K, used 105415K [0x00000000d5e00000, 0x00000000e5880000, 0x0000000100000000)
  eden space 225792K, 41% used [0x00000000d5e00000,0x00000000db8f8e80,0x00000000e3a80000)
  from space 12288K, 99% used [0x00000000e4c00000,0x00000000e57f8da8,0x00000000e5800000)
  to   space 15360K, 0% used [0x00000000e3a80000,0x00000000e3a80000,0x00000000e4980000)
 ParOldGen       total 52736K, used 13424K [0x0000000081a00000, 0x0000000084d80000, 0x00000000d5e00000)
  object space 52736K, 25% used [0x0000000081a00000,0x000000008271c140,0x0000000084d80000)
 Metaspace       used 34872K, capacity 35396K, committed 35416K, reserved 1079296K
  class space    used 4580K, capacity 4731K, committed 4736K, reserved 1048576K
Event: 9.045 GC heap after
Heap after GC invocations=10 (full 1):
 PSYoungGen      total 241152K, used 12543K [0x00000000d5e00000, 0x00000000eae80000, 0x0000000100000000)
  eden space 225792K, 0% used [0x00000000d5e00000,0x00000000d5e00000,0x00000000e3a80000)
  from space 15360K, 81% used [0x00000000e3a80000,0x00000000e46bfe90,0x00000000e4980000)
  to   space 16384K, 0% used [0x00000000e9e80000,0x00000000e9e80000,0x00000000eae80000)
 ParOldGen       total 52736K, used 13432K [0x0000000081a00000, 0x0000000084d80000, 0x00000000d5e00000)
  object space 52736K, 25% used [0x0000000081a00000,0x000000008271e140,0x0000000084d80000)
 Metaspace       used 34872K, capacity 35396K, committed 35416K, reserved 1079296K
  class space    used 4580K, capacity 4731K, committed 4736K, reserved 1048576K
}
Event: 9.045 GC heap before
{Heap before GC invocations=11 (full 2):
 PSYoungGen      total 241152K, used 12543K [0x00000000d5e00000, 0x00000000eae80000, 0x0000000100000000)
  eden space 225792K, 0% used [0x00000000d5e00000,0x00000000d5e00000,0x00000000e3a80000)
  from space 15360K, 81% used [0x00000000e3a80000,0x00000000e46bfe90,0x00000000e4980000)
  to   space 16384K, 0% used [0x00000000e9e80000,0x00000000e9e80000,0x00000000eae80000)
 ParOldGen       total 52736K, used 13432K [0x0000000081a00000, 0x0000000084d80000, 0x00000000d5e00000)
  object space 52736K, 25% used [0x0000000081a00000,0x000000008271e140,0x0000000084d80000)
 Metaspace       used 34872K, capacity 35396K, committed 35416K, reserved 1079296K
  class space    used 4580K, capacity 4731K, committed 4736K, reserved 1048576K
Event: 9.101 GC heap after
Heap after GC invocations=11 (full 2):
 PSYoungGen      total 241152K, used 0K [0x00000000d5e00000, 0x00000000eae80000, 0x0000000100000000)
  eden space 225792K, 0% used [0x00000000d5e00000,0x00000000d5e00000,0x00000000e3a80000)
  from space 15360K, 0% used [0x00000000e3a80000,0x00000000e3a80000,0x00000000e4980000)
  to   space 16384K, 0% used [0x00000000e9e80000,0x00000000e9e80000,0x00000000eae80000)
 ParOldGen       total 76288K, used 19284K [0x0000000081a00000, 0x0000000086480000, 0x00000000d5e00000)
  object space 76288K, 25% used [0x0000000081a00000,0x0000000082cd5310,0x0000000086480000)
 Metaspace       used 34872K, capacity 35396K, committed 35416K, reserved 1079296K
  class space    used 4580K, capacity 4731K, committed 4736K, reserved 1048576K
}

